<?xml version="1.0" encoding="UTF-8"?>
<!-- Generated by org.testng.reporters.JUnitXMLReporter -->
<testsuite ignored="0" hostname="HomeDesktop2022" failures="0" tests="4" name="Test" time="3.642" errors="0" timestamp="05 May 2023 22:36:51 GMT">
  <testcase classname="com.testNGAnnotation.ParallalTesting" name="getOpenBrowserNode2" time="3.615"/>
  <testcase classname="com.testNGAnnotation.ParallalTesting" name="getOpenBrowserNode1" time="3.616"/>
  <testcase classname="com.testNGAnnotation.ParallalTesting" name="getOpenBrowserNode3" time="3.622"/>
  <testcase classname="com.testNGAnnotation.ParallalTesting" name="getOpenBrowserNode4" time="3.626"/>
</testsuite> <!-- Test -->
