<?xml version="1.0" encoding="UTF-8"?>
<testng-results ignored="0" total="1" passed="1" failed="0" skipped="0">
  <reporter-output>
  </reporter-output>
  <suite started-at="2023-05-21T22:15:01Z" name="Default suite" finished-at="2023-05-21T22:15:01Z" duration-ms="16">
    <groups>
    </groups>
    <test started-at="2023-05-21T22:15:01Z" name="Default test" finished-at="2023-05-21T22:15:01Z" duration-ms="16">
      <class name="com.JavaCodingPractices.BreakAndContinueLoop">
        <test-method signature="continueLoop()[pri:0, instance:com.JavaCodingPractices.BreakAndContinueLoop@60410cd]" started-at="2023-05-21T22:15:01Z" name="continueLoop" finished-at="2023-05-21T22:15:01Z" duration-ms="5" status="PASS">
          <reporter-output>
          </reporter-output>
        </test-method> <!-- continueLoop -->
      </class> <!-- com.JavaCodingPractices.BreakAndContinueLoop -->
    </test> <!-- Default test -->
  </suite> <!-- Default suite -->
</testng-results>
