<?xml version="1.0" encoding="UTF-8"?>
<testng-results ignored="0" total="1" passed="1" failed="0" skipped="0">
  <reporter-output>
  </reporter-output>
  <suite started-at="2023-05-09T23:30:50Z" name="Default suite" finished-at="2023-05-09T23:30:50Z" duration-ms="29">
    <groups>
    </groups>
    <test started-at="2023-05-09T23:30:50Z" name="Default test" finished-at="2023-05-09T23:30:50Z" duration-ms="29">
      <class name="com.JavaCodingPractices.FindOut2ndHighestNumberFromArray">
        <test-method signature="FindOut2ndHighestNumber()[pri:0, instance:com.JavaCodingPractices.FindOut2ndHighestNumberFromArray@4ebff610]" started-at="2023-05-09T23:30:50Z" name="FindOut2ndHighestNumber" finished-at="2023-05-09T23:30:50Z" duration-ms="12" status="PASS">
          <reporter-output>
          </reporter-output>
        </test-method> <!-- FindOut2ndHighestNumber -->
      </class> <!-- com.JavaCodingPractices.FindOut2ndHighestNumberFromArray -->
    </test> <!-- Default test -->
  </suite> <!-- Default suite -->
</testng-results>
